Unity Editor version:    2021.3.6f1 (7da38d85baf6)
Branch:                  2021.3/staging
Build type:              Release
Batch mode:              YES
System name:             Linux
Distro version:          #58~20.04.1-Ubuntu SMP Thu Oct 13 13:09:46 UTC 2022
Kernel version:          5.15.0-52-generic
Architecture:            x86_64
Available memory:        3851 MB
Using pre-set license
Pro License: YES

(Unity:46396): Gdk-CRITICAL **: 21:54:23.949: gdk_window_get_cursor: assertion 'GDK_IS_WINDOW (window)' failed
Desktop is 1920 x 1080 @ 60 Hz
Initialize udev device monitor.

COMMAND LINE ARGUMENTS:
Unity
-adb2
-batchMode
-noUpm
-name
AssetImportWorker0
-projectPath
/home/pagan/projects/Github/Programming-Theory-Repo/Programming Theory Project
-logFile
Logs/AssetImportWorker0.log
-srvPort
39829
Successfully changed project path to: /home/pagan/projects/Github/Programming-Theory-Repo/Programming Theory Project
/home/pagan/projects/Github/Programming-Theory-Repo/Programming Theory Project
[UnityMemory] Configuration Parameters - Can be set up in boot.config
    "memorysetup-bucket-allocator-granularity=16"
    "memorysetup-bucket-allocator-bucket-count=8"
    "memorysetup-bucket-allocator-block-size=33554432"
    "memorysetup-bucket-allocator-block-count=8"
    "memorysetup-main-allocator-block-size=16777216"
    "memorysetup-thread-allocator-block-size=16777216"
    "memorysetup-gfx-main-allocator-block-size=16777216"
    "memorysetup-gfx-thread-allocator-block-size=16777216"
    "memorysetup-cache-allocator-block-size=4194304"
    "memorysetup-typetree-allocator-block-size=2097152"
    "memorysetup-profiler-bucket-allocator-granularity=16"
    "memorysetup-profiler-bucket-allocator-bucket-count=8"
    "memorysetup-profiler-bucket-allocator-block-size=33554432"
    "memorysetup-profiler-bucket-allocator-block-count=8"
    "memorysetup-profiler-allocator-block-size=16777216"
    "memorysetup-profiler-editor-allocator-block-size=1048576"
    "memorysetup-temp-allocator-size-main=16777216"
    "memorysetup-job-temp-allocator-block-size=2097152"
    "memorysetup-job-temp-allocator-block-size-background=1048576"
    "memorysetup-job-temp-allocator-reduction-small-platforms=262144"
    "memorysetup-temp-allocator-size-background-worker=32768"
    "memorysetup-temp-allocator-size-job-worker=262144"
    "memorysetup-temp-allocator-size-preload-manager=33554432"
    "memorysetup-temp-allocator-size-nav-mesh-worker=65536"
    "memorysetup-temp-allocator-size-audio-worker=65536"
    "memorysetup-temp-allocator-size-cloud-worker=32768"
    "memorysetup-temp-allocator-size-gi-baking-worker=262144"
    "memorysetup-temp-allocator-size-gfx=262144"
Refreshing native plugins compatible for Editor in 269,41 ms, found 0 plugins.
Preloading 0 native plugins for Editor in 0,00 ms.
Initialize engine version: 2021.3.6f1 (7da38d85baf6)
[Subsystems] Discovering subsystems at path /home/pagan/Unity/Hub/Editor/2021.3.6f1/Editor/Data/Resources/UnitySubsystems
[Subsystems] Discovering subsystems at path /home/pagan/projects/Github/Programming-Theory-Repo/Programming Theory Project/Assets
GLX Extensions: GLX_ARB_create_context GLX_ARB_create_context_no_error GLX_ARB_create_context_profile GLX_ARB_create_context_robustness GLX_ARB_fbconfig_float GLX_ARB_framebuffer_sRGB GLX_ARB_get_proc_address GLX_ARB_multisample GLX_EXT_buffer_age GLX_EXT_create_context_es2_profile GLX_EXT_create_context_es_profile GLX_EXT_fbconfig_packed_float GLX_EXT_framebuffer_sRGB GLX_EXT_import_context GLX_EXT_no_config_context GLX_EXT_swap_control GLX_EXT_swap_control_tear GLX_EXT_texture_from_pixmap GLX_EXT_visual_info GLX_EXT_visual_rating GLX_INTEL_swap_event GLX_MESA_copy_sub_buffer GLX_MESA_query_renderer GLX_MESA_swap_control GLX_OML_swap_method GLX_OML_sync_control GLX_SGIS_multisample GLX_SGIX_fbconfig GLX_SGIX_pbuffer GLX_SGIX_visual_select_group GLX_SGI_make_current_read GLX_SGI_swap_control GLX_SGI_video_sync 
Renderer: Mesa DRI Intel(R) HD Graphics 4400 (HSW GT2)
Vendor:   Intel Open Source Technology Center
Version:  4.5 (Core Profile) Mesa 21.2.6
GLES:     0
 GL_3DFX_texture_compression_FXT1 GL_AMD_conservative_depth GL_AMD_draw_buffers_blend GL_AMD_multi_draw_indirect GL_AMD_query_buffer_object GL_AMD_seamless_cubemap_per_texture GL_AMD_shader_trinary_minmax GL_AMD_texture_texture4 GL_AMD_vertex_shader_layer GL_AMD_vertex_shader_viewport_index GL_ANGLE_texture_compression_dxt3 GL_ANGLE_texture_compression_dxt5 GL_APPLE_object_purgeable GL_ARB_ES2_compatibility GL_ARB_ES3_1_compatibility GL_ARB_ES3_compatibility GL_ARB_arrays_of_arrays GL_ARB_base_instance GL_ARB_blend_func_extended GL_ARB_buffer_storage GL_ARB_clear_buffer_object GL_ARB_clear_texture GL_ARB_clip_control GL_ARB_compressed_texture_pixel_storage GL_ARB_compute_shader GL_ARB_compute_variable_group_size GL_ARB_conditional_render_inverted GL_ARB_conservative_depth GL_ARB_copy_buffer GL_ARB_copy_image GL_ARB_cull_distance GL_ARB_debug_output GL_ARB_depth_buffer_float GL_ARB_depth_clamp GL_ARB_derivative_control GL_ARB_direct_state_access GL_ARB_draw_buffers GL_ARB_draw_buffers_blend GL_ARB_draw_elemen
ts_base_vertex GL_ARB_draw_indirect GL_ARB_draw_instanced GL_ARB_enhanced_layouts GL_ARB_explicit_attrib_location GL_ARB_explicit_uniform_location GL_ARB_fragment_coord_conventions GL_ARB_fragment_layer_viewport GL_ARB_fragment_shader GL_ARB_framebuffer_no_attachments GL_ARB_framebuffer_object GL_ARB_framebuffer_sRGB GL_ARB_get_program_binary GL_ARB_get_texture_sub_image GL_ARB_gl_spirv GL_ARB_gpu_shader5 GL_ARB_gpu_shader_fp64 GL_ARB_half_float_pixel GL_ARB_half_float_vertex GL_ARB_indirect_parameters GL_ARB_instanced_arrays GL_ARB_internalformat_query GL_ARB_internalformat_query2 GL_ARB_invalidate_subdata GL_ARB_map_buffer_alignment GL_ARB_map_buffer_range GL_ARB_multi_bind GL_ARB_multi_draw_indirect GL_ARB_occlusion_query2 GL_ARB_parallel_shader_compile GL_ARB_pipeline_statistics_query GL_ARB_pixel_buffer_object GL_ARB_point_sprite GL_ARB_polygon_offset_clamp GL_ARB_program_interface_query GL_ARB_provoking_vertex GL_ARB_query_buffer_object GL_ARB_robust_buffer_access_behavior GL_ARB_robustness GL_ARB_samp
le_shading GL_ARB_sampler_objects GL_ARB_seamless_cube_map GL_ARB_seamless_cubemap_per_texture GL_ARB_separate_shader_objects GL_ARB_shader_atomic_counter_ops GL_ARB_shader_atomic_counters GL_ARB_shader_bit_encoding GL_ARB_shader_clock GL_ARB_shader_draw_parameters GL_ARB_shader_group_vote GL_ARB_shader_image_load_store GL_ARB_shader_image_size GL_ARB_shader_objects GL_ARB_shader_precision GL_ARB_shader_storage_buffer_object GL_ARB_shader_subroutine GL_ARB_shader_texture_image_samples GL_ARB_shader_texture_lod GL_ARB_shader_viewport_layer_array GL_ARB_shading_language_420pack GL_ARB_shading_language_include GL_ARB_shading_language_packing GL_ARB_spirv_extensions GL_ARB_stencil_texturing GL_ARB_sync GL_ARB_tessellation_shader GL_ARB_texture_barrier GL_ARB_texture_buffer_object GL_ARB_texture_buffer_object_rgb32 GL_ARB_texture_buffer_range GL_ARB_texture_compression_bptc GL_ARB_texture_compression_rgtc GL_ARB_texture_cube_map_array GL_ARB_texture_filter_anisotropic GL_ARB_texture_float GL_ARB_texture_gather GL
_ARB_texture_mirror_clamp_to_edge GL_ARB_texture_multisample GL_ARB_texture_non_power_of_two GL_ARB_texture_query_levels GL_ARB_texture_query_lod GL_ARB_texture_rectangle GL_ARB_texture_rg GL_ARB_texture_rgb10_a2ui GL_ARB_texture_stencil8 GL_ARB_texture_storage GL_ARB_texture_storage_multisample GL_ARB_texture_swizzle GL_ARB_texture_view GL_ARB_timer_query GL_ARB_transform_feedback2 GL_ARB_transform_feedback3 GL_ARB_transform_feedback_instanced GL_ARB_transform_feedback_overflow_query GL_ARB_uniform_buffer_object GL_ARB_vertex_array_bgra GL_ARB_vertex_array_object GL_ARB_vertex_attrib_64bit GL_ARB_vertex_attrib_binding GL_ARB_vertex_buffer_object GL_ARB_vertex_shader GL_ARB_vertex_type_10f_11f_11f_rev GL_ARB_vertex_type_2_10_10_10_rev GL_ARB_viewport_array GL_ATI_blend_equation_separate GL_ATI_texture_float GL_EXT_EGL_image_storage GL_EXT_EGL_sync GL_EXT_abgr GL_EXT_blend_equation_separate GL_EXT_demote_to_helper_invocation GL_EXT_draw_buffers2 GL_EXT_draw_instanced GL_EXT_framebuffer_blit GL_EXT_framebuffer
_multisample GL_EXT_framebuffer_multisample_blit_scaled GL_EXT_framebuffer_object GL_EXT_framebuffer_sRGB GL_EXT_memory_object GL_EXT_memory_object_fd GL_EXT_packed_depth_stencil GL_EXT_packed_float GL_EXT_pixel_buffer_object GL_EXT_polygon_offset_clamp GL_EXT_provoking_vertex GL_EXT_semaphore GL_EXT_semaphore_fd GL_EXT_shader_framebuffer_fetch_non_coherent GL_EXT_shader_integer_mix GL_EXT_shader_samples_identical GL_EXT_texture_array GL_EXT_texture_compression_dxt1 GL_EXT_texture_compression_rgtc GL_EXT_texture_compression_s3tc GL_EXT_texture_filter_anisotropic GL_EXT_texture_integer GL_EXT_texture_sRGB GL_EXT_texture_sRGB_R8 GL_EXT_texture_sRGB_decode GL_EXT_texture_shadow_lod GL_EXT_texture_shared_exponent GL_EXT_texture_snorm GL_EXT_texture_swizzle GL_EXT_timer_query GL_EXT_transform_feedback GL_EXT_vertex_array_bgra GL_EXT_vertex_attrib_64bit GL_IBM_multimode_draw_arrays GL_INTEL_blackhole_render GL_INTEL_performance_query GL_KHR_blend_equation_advanced GL_KHR_context_flush_control GL_KHR_debug GL_KHR_n
o_error GL_KHR_parallel_shader_compile GL_KHR_robust_buffer_access_behavior GL_KHR_robustness GL_MESA_framebuffer_flip_y GL_MESA_pack_invert GL_MESA_shader_integer_functions GL_MESA_texture_signed_rgba GL_NV_compute_shader_derivatives GL_NV_conditional_render GL_NV_depth_clamp GL_NV_packed_depth_stencil GL_NV_texture_barrier GL_OES_EGL_image GL_S3_s3tc
OPENGL LOG: Creating OpenGL 4.5 graphics device ; Context level  <OpenGL 4.5> ; Context handle 227596304
Initialize mono
Mono path[0] = '/home/pagan/Unity/Hub/Editor/2021.3.6f1/Editor/Data/Managed'
Mono path[1] = '/home/pagan/Unity/Hub/Editor/2021.3.6f1/Editor/Data/MonoBleedingEdge/lib/mono/unityjit-linux'
Mono config path = '/home/pagan/Unity/Hub/Editor/2021.3.6f1/Editor/Data/MonoBleedingEdge/etc'
Using monoOptions --debugger-agent=transport=dt_socket,embedding=1,server=y,suspend=n,address=127.0.0.1:56396
Begin MonoManager ReloadAssembly
Registering precompiled unity dll's ...
Register platform support module: /home/pagan/Unity/Hub/Editor/2021.3.6f1/Editor/Data/PlaybackEngines/WebGLSupport/UnityEditor.WebGL.Extensions.dll
Register platform support module: /home/pagan/Unity/Hub/Editor/2021.3.6f1/Editor/Data/PlaybackEngines/LinuxStandaloneSupport/UnityEditor.LinuxStandalone.Extensions.dll
Registered in 0,009401 seconds.
Native extension for LinuxStandalone target not found
Native extension for WebGL target not found
Refreshing native plugins compatible for Editor in 159,94 ms, found 0 plugins.
Preloading 0 native plugins for Editor in 0,00 ms.
Mono: successfully reloaded assembly
- Completed reload, in  2,765 seconds
Domain Reload Profiling:
	ReloadAssembly (2766ms)
		BeginReloadAssembly (1767ms)
			ExecutionOrderSort (0ms)
			DisableScriptedObjects (0ms)
			BackupInstance (0ms)
			ReleaseScriptingObjects (0ms)
			CreateAndSetChildDomain (1ms)
		EndReloadAssembly (799ms)
			LoadAssemblies (1809ms)
			RebuildTransferFunctionScriptingTraits (0ms)
			SetupTypeCache (162ms)
			ReleaseScriptCaches (0ms)
			RebuildScriptCaches (46ms)
			SetupLoadedEditorAssemblies (474ms)
				LogAssemblyErrors (0ms)
				InitializePlatformSupportModulesInManaged (13ms)
				SetLoadedEditorAssemblies (1ms)
				RefreshPlugins (160ms)
				BeforeProcessingInitializeOnLoad (2ms)
				ProcessInitializeOnLoadAttributes (227ms)
				ProcessInitializeOnLoadMethodAttributes (72ms)
				AfterProcessingInitializeOnLoad (0ms)
				EditorAssembliesLoaded (0ms)
			ExecutionOrderSort2 (0ms)
			AwakeInstancesAfterBackupRestoration (0ms)
Platform modules already initialized, skipping
Registering precompiled user dll's ...
Registered in 0,006302 seconds.
Begin MonoManager ReloadAssembly
Symbol file LoadedFromMemory doesn't match image /home/pagan/projects/Github/Programming-Theory-Repo/Programming Theory Project/Library/PackageCache/com.unity.visualscripting@1.7.8/Editor/VisualScripting.Core/Dependencies/YamlDotNet/Unity.VisualScripting.YamlDotNet.dll
Symbol file LoadedFromMemory doesn't match image /home/pagan/projects/Github/Programming-Theory-Repo/Programming Theory Project/Library/PackageCache/com.unity.visualscripting@1.7.8/Editor/VisualScripting.Core/Dependencies/DotNetZip/Unity.VisualScripting.IonicZip.dll
Native extension for LinuxStandalone target not found
Native extension for WebGL target not found
Refreshing native plugins compatible for Editor in 0,82 ms, found 0 plugins.
Preloading 0 native plugins for Editor in 0,00 ms.
Mono: successfully reloaded assembly
- Completed reload, in  2,268 seconds
Domain Reload Profiling:
	ReloadAssembly (2269ms)
		BeginReloadAssembly (151ms)
			ExecutionOrderSort (0ms)
			DisableScriptedObjects (10ms)
			BackupInstance (0ms)
			ReleaseScriptingObjects (0ms)
			CreateAndSetChildDomain (32ms)
		EndReloadAssembly (1909ms)
			LoadAssemblies (701ms)
			RebuildTransferFunctionScriptingTraits (0ms)
			SetupTypeCache (420ms)
			ReleaseScriptCaches (1ms)
			RebuildScriptCaches (79ms)
			SetupLoadedEditorAssemblies (633ms)
				LogAssemblyErrors (0ms)
				InitializePlatformSupportModulesInManaged (12ms)
				SetLoadedEditorAssemblies (1ms)
				RefreshPlugins (1ms)
				BeforeProcessingInitializeOnLoad (126ms)
				ProcessInitializeOnLoadAttributes (439ms)
				ProcessInitializeOnLoadMethodAttributes (45ms)
				AfterProcessingInitializeOnLoad (10ms)
				EditorAssembliesLoaded (0ms)
			ExecutionOrderSort2 (0ms)
			AwakeInstancesAfterBackupRestoration (7ms)
Platform modules already initialized, skipping
========================================================================
Worker process is ready to serve import requests
Launched and connected shader compiler UnityShaderCompiler after 0.19 seconds
Refreshing native plugins compatible for Editor in 0,89 ms, found 0 plugins.
Preloading 0 native plugins for Editor in 0,00 ms.
Unloading 3384 Unused Serialized files (Serialized files now loaded: 0)
Unloading 27 unused Assets / (73,7 KB). Loaded Objects now: 3862.
Memory consumption went from 130,0 MB to 130,0 MB.
Total: 5,961709 ms (FindLiveObjects: 0,405252 ms CreateObjectMapping: 0,312360 ms MarkObjects: 4,971113 ms  DeleteObjects: 0,271078 ms)

AssetImportParameters requested are different than current active one (requested -> active):
  custom:video-decoder-ogg-theora: a1e56fd34408186e4bbccfd4996cb3dc -> 
  custom:container-muxer-webm: aa71ff27fc2769a1b78a27578f13a17b -> 
  custom:container-demuxer-webm: 4f35f7cbe854078d1ac9338744f61a02 -> 
  custom:video-encoder-webm-vp8: eb34c28f22e8b96e1ab97ce403110664 -> 
  custom:audio-encoder-webm-vorbis: bf7c407c2cedff20999df2af8eb42d56 -> 
  custom:container-demuxer-ogg: 62fdf1f143b41e24485cea50d1cbac27 -> 
  custom:video-decoder-webm-vp8: 9c59270c3fd7afecdb556c50c9e8de78 -> 
  custom:audio-decoder-ogg-vorbis: bf7c407c2cedff20999df2af8eb42d56 -> 
========================================================================
Received Import Request.
  Time since last request: 11730,020385 seconds.
  path: Assets/POLYGON city pack/Prefabs/Buildings/Shop_C_prefab.prefab
  artifactKey: Guid(1b917d070ca78d8458d7db3681a2c913) Importer(815301076,1909f56bfc062723c751e8b465ee728b)
Start importing Assets/POLYGON city pack/Prefabs/Buildings/Shop_C_prefab.prefab using Guid(1b917d070ca78d8458d7db3681a2c913) Importer(815301076,1909f56bfc062723c751e8b465ee728b)  -> (artifact id: 'a7f08c90fc85919ded41603ca7b762d7') in 0,643841 seconds 
========================================================================
Received Import Request.
  Time since last request: 0,005964 seconds.
  path: Assets/POLYGON city pack/Prefabs/Buildings
  artifactKey: Guid(a56c14f3d9b631d4d8914c91cc3d33f3) Importer(815301076,1909f56bfc062723c751e8b465ee728b)
Start importing Assets/POLYGON city pack/Prefabs/Buildings using Guid(a56c14f3d9b631d4d8914c91cc3d33f3) Importer(815301076,1909f56bfc062723c751e8b465ee728b)  -> (artifact id: 'a5bb3c97647cca1e31d0517162ea0b42') in 0,001513 seconds 
========================================================================
Received Import Request.
  Time since last request: 0,000053 seconds.
  path: Assets/POLYGON city pack/Prefabs/Buildings/Supermaket_prefab.prefab
  artifactKey: Guid(c6e50eec7153f5b45ac3917fb6cfd06a) Importer(815301076,1909f56bfc062723c751e8b465ee728b)
Start importing Assets/POLYGON city pack/Prefabs/Buildings/Supermaket_prefab.prefab using Guid(c6e50eec7153f5b45ac3917fb6cfd06a) Importer(815301076,1909f56bfc062723c751e8b465ee728b)  -> (artifact id: 'b808c48136efa53409416a2f62530e87') in 0,119608 seconds 
========================================================================
Received Import Request.
  Time since last request: 6,317162 seconds.
  path: Assets/POLYGON city pack/Meshes,textures/props_FBX/air conditioner roof.png
  artifactKey: Guid(3d103ca190f8b1f43ba15dda71097d0a) Importer(815301076,1909f56bfc062723c751e8b465ee728b)
Start importing Assets/POLYGON city pack/Meshes,textures/props_FBX/air conditioner roof.png using Guid(3d103ca190f8b1f43ba15dda71097d0a) Importer(815301076,1909f56bfc062723c751e8b465ee728b)  -> (artifact id: '2bc990b7495d6318dc4b9635919a847c') in 0,066210 seconds 
========================================================================
Received Import Request.
  Time since last request: 0,000029 seconds.
  path: Assets/POLYGON city pack/Meshes,textures/props_FBX/Flower 1 yellow 1.png
  artifactKey: Guid(f1e2bc0c88dcb2b47b9191fc9d671dff) Importer(815301076,1909f56bfc062723c751e8b465ee728b)
Start importing Assets/POLYGON city pack/Meshes,textures/props_FBX/Flower 1 yellow 1.png using Guid(f1e2bc0c88dcb2b47b9191fc9d671dff) Importer(815301076,1909f56bfc062723c751e8b465ee728b)  -> (artifact id: '3b95c5c70c1365d3233c6f322e5c8800') in 0,036263 seconds 
========================================================================
Received Import Request.
  Time since last request: 0,000036 seconds.
  path: Assets/POLYGON city pack/Meshes,textures/props_FBX/Flower 1 red 1.png
  artifactKey: Guid(9426e08bc3d7e6a4d90748f5a50c8419) Importer(815301076,1909f56bfc062723c751e8b465ee728b)
Start importing Assets/POLYGON city pack/Meshes,textures/props_FBX/Flower 1 red 1.png using Guid(9426e08bc3d7e6a4d90748f5a50c8419) Importer(815301076,1909f56bfc062723c751e8b465ee728b)  -> (artifact id: '29799dd3eb8ceb343ee209dcbacd1a54') in 0,048054 seconds 
========================================================================
Received Import Request.
  Time since last request: 0,000047 seconds.
  path: Assets/POLYGON city pack/Meshes,textures/props_FBX/fence 3 texture 1.png
  artifactKey: Guid(d7cdb093285c68e438496ba197a85005) Importer(815301076,1909f56bfc062723c751e8b465ee728b)
Start importing Assets/POLYGON city pack/Meshes,textures/props_FBX/fence 3 texture 1.png using Guid(d7cdb093285c68e438496ba197a85005) Importer(815301076,1909f56bfc062723c751e8b465ee728b)  -> (artifact id: 'e5e3834c07b08c660d324acb6c48d29c') in 0,054950 seconds 
========================================================================
Received Import Request.
  Time since last request: 0,000057 seconds.
  path: Assets/POLYGON city pack/Meshes,textures/props_FBX/bush 2.png
  artifactKey: Guid(bc8acc0684df1584a8c0857eb4114642) Importer(815301076,1909f56bfc062723c751e8b465ee728b)
Start importing Assets/POLYGON city pack/Meshes,textures/props_FBX/bush 2.png using Guid(bc8acc0684df1584a8c0857eb4114642) Importer(815301076,1909f56bfc062723c751e8b465ee728b)  -> (artifact id: 'cc31796eef29a695313600bdeb02440c') in 0,048329 seconds 
========================================================================
Received Import Request.
  Time since last request: 0,000037 seconds.
  path: Assets/POLYGON city pack/Meshes,textures/props_FBX/BurgerShop_sign.png
  artifactKey: Guid(bb5cfbdd0a8fb8c4ebffa31636a05046) Importer(815301076,1909f56bfc062723c751e8b465ee728b)
Start importing Assets/POLYGON city pack/Meshes,textures/props_FBX/BurgerShop_sign.png using Guid(bb5cfbdd0a8fb8c4ebffa31636a05046) Importer(815301076,1909f56bfc062723c751e8b465ee728b)  -> (artifact id: '32525242272bc87b82e9eb429db0a131') in 0,108913 seconds 
========================================================================
Received Import Request.
  Time since last request: 0,000029 seconds.
  path: Assets/POLYGON city pack/Meshes,textures/props_FBX/Fence_B_2.png
  artifactKey: Guid(27d64acee5bc9554f8de3bd0254ddddd) Importer(815301076,1909f56bfc062723c751e8b465ee728b)
Start importing Assets/POLYGON city pack/Meshes,textures/props_FBX/Fence_B_2.png using Guid(27d64acee5bc9554f8de3bd0254ddddd) Importer(815301076,1909f56bfc062723c751e8b465ee728b)  -> (artifact id: '38f648e2a388076008a7ea301c0c2d06') in 0,034940 seconds 
========================================================================
Received Import Request.
  Time since last request: 0,000070 seconds.
  path: Assets/POLYGON city pack/Meshes,textures/props_FBX/Flower 1 purple mix 1.png
  artifactKey: Guid(ad6ea5a68d1b66f4faec6f50cd8d7b33) Importer(815301076,1909f56bfc062723c751e8b465ee728b)
Start importing Assets/POLYGON city pack/Meshes,textures/props_FBX/Flower 1 purple mix 1.png using Guid(ad6ea5a68d1b66f4faec6f50cd8d7b33) Importer(815301076,1909f56bfc062723c751e8b465ee728b)  -> (artifact id: 'ef90f3179bf2be05645ca48dd3b8740a') in 0,025704 seconds 
========================================================================
Received Import Request.
  Time since last request: 0,000037 seconds.
  path: Assets/POLYGON city pack/Meshes,textures/props_FBX/Flower 1 purple 1.png
  artifactKey: Guid(016ab324c35ce5e49bbbfa86d799ce52) Importer(815301076,1909f56bfc062723c751e8b465ee728b)
Start importing Assets/POLYGON city pack/Meshes,textures/props_FBX/Flower 1 purple 1.png using Guid(016ab324c35ce5e49bbbfa86d799ce52) Importer(815301076,1909f56bfc062723c751e8b465ee728b)  -> (artifact id: '10745e453aba5adca53e08c3f027dd2c') in 0,040818 seconds 
========================================================================
Received Import Request.
  Time since last request: 0,000037 seconds.
  path: Assets/POLYGON city pack/Meshes,textures/props_FBX/big trash bin texture.png
  artifactKey: Guid(cb629d531f414f64288cca236d43f674) Importer(815301076,1909f56bfc062723c751e8b465ee728b)
Start importing Assets/POLYGON city pack/Meshes,textures/props_FBX/big trash bin texture.png using Guid(cb629d531f414f64288cca236d43f674) Importer(815301076,1909f56bfc062723c751e8b465ee728b)  -> (artifact id: 'f3efa38afe282a793063e3f3d7d2cbca') in 0,039326 seconds 
========================================================================
Received Import Request.
  Time since last request: 0,000032 seconds.
  path: Assets/POLYGON city pack/Meshes,textures/props_FBX/bus stop pole texture 1.png
  artifactKey: Guid(d44a52891cea8d74b9d897dee320c982) Importer(815301076,1909f56bfc062723c751e8b465ee728b)
Start importing Assets/POLYGON city pack/Meshes,textures/props_FBX/bus stop pole texture 1.png using Guid(d44a52891cea8d74b9d897dee320c982) Importer(815301076,1909f56bfc062723c751e8b465ee728b)  -> (artifact id: '44ff532097d8a470bb2011f188ce1056') in 0,045140 seconds 
========================================================================
Received Import Request.
  Time since last request: 0,000033 seconds.
  path: Assets/POLYGON city pack/Meshes,textures/props_FBX/drain 3.png
  artifactKey: Guid(5142c81fd69f86b43a5ae41b9d03d423) Importer(815301076,1909f56bfc062723c751e8b465ee728b)
Start importing Assets/POLYGON city pack/Meshes,textures/props_FBX/drain 3.png using Guid(5142c81fd69f86b43a5ae41b9d03d423) Importer(815301076,1909f56bfc062723c751e8b465ee728b)  -> (artifact id: 'bf5f350db36a977811c832e56acd5645') in 0,035625 seconds 
========================================================================
Received Import Request.
  Time since last request: 0,000290 seconds.
  path: Assets/POLYGON city pack/Meshes,textures/props_FBX/eletrcity box 1.png
  artifactKey: Guid(a4f9875c2001ed845a51d6f704d70c69) Importer(815301076,1909f56bfc062723c751e8b465ee728b)
Start importing Assets/POLYGON city pack/Meshes,textures/props_FBX/eletrcity box 1.png using Guid(a4f9875c2001ed845a51d6f704d70c69) Importer(815301076,1909f56bfc062723c751e8b465ee728b)  -> (artifact id: '730f185a4d834623b2af64e3f339a9e5') in 0,026742 seconds 
========================================================================
Received Import Request.
  Time since last request: 0,000040 seconds.
  path: Assets/POLYGON city pack/Meshes,textures/props_FBX/Flower 1 organ 1.png
  artifactKey: Guid(dff63f9af4a51274e886c803b053ec43) Importer(815301076,1909f56bfc062723c751e8b465ee728b)
Start importing Assets/POLYGON city pack/Meshes,textures/props_FBX/Flower 1 organ 1.png using Guid(dff63f9af4a51274e886c803b053ec43) Importer(815301076,1909f56bfc062723c751e8b465ee728b)  -> (artifact id: '7955d103666a0be44f59ab710aee3cfc') in 0,029817 seconds 
========================================================================
Received Import Request.
  Time since last request: 0,000024 seconds.
  path: Assets/POLYGON city pack/Meshes,textures/props_FBX/Flower 1 light blue+ 1.png
  artifactKey: Guid(cd16eabbdefd79b43bc1ae0211308fc9) Importer(815301076,1909f56bfc062723c751e8b465ee728b)
Start importing Assets/POLYGON city pack/Meshes,textures/props_FBX/Flower 1 light blue+ 1.png using Guid(cd16eabbdefd79b43bc1ae0211308fc9) Importer(815301076,1909f56bfc062723c751e8b465ee728b)  -> (artifact id: 'b054fee436a3e5fd4e0a925637d31071') in 0,037732 seconds 
========================================================================
Received Import Request.
  Time since last request: 0,000134 seconds.
  path: Assets/POLYGON city pack/Meshes,textures/props_FBX/bush leafes.png
  artifactKey: Guid(f022620d8f31ed446a220a043d553f79) Importer(815301076,1909f56bfc062723c751e8b465ee728b)
Start importing Assets/POLYGON city pack/Meshes,textures/props_FBX/bush leafes.png using Guid(f022620d8f31ed446a220a043d553f79) Importer(815301076,1909f56bfc062723c751e8b465ee728b)  -> (artifact id: '9300833addc8d870fda4ded9476e3ca0') in 0,041500 seconds 
========================================================================
Received Import Request.
  Time since last request: 0,000060 seconds.
  path: Assets/POLYGON city pack/Meshes,textures/props_FBX/air conditioner.png
  artifactKey: Guid(ee66184a040ed5f479f79de7b0b0e258) Importer(815301076,1909f56bfc062723c751e8b465ee728b)
Start importing Assets/POLYGON city pack/Meshes,textures/props_FBX/air conditioner.png using Guid(ee66184a040ed5f479f79de7b0b0e258) Importer(815301076,1909f56bfc062723c751e8b465ee728b)  -> (artifact id: '3e690728792c34f8388400068c6328f4') in 0,042277 seconds 
========================================================================
Received Import Request.
  Time since last request: 0,000218 seconds.
  path: Assets/POLYGON city pack/Meshes,textures/props_FBX/Bench texture.png
  artifactKey: Guid(9a4a04b84933213428ed33e0c31813b7) Importer(815301076,1909f56bfc062723c751e8b465ee728b)
Start importing Assets/POLYGON city pack/Meshes,textures/props_FBX/Bench texture.png using Guid(9a4a04b84933213428ed33e0c31813b7) Importer(815301076,1909f56bfc062723c751e8b465ee728b)  -> (artifact id: 'aac3cad83847f96f73e1b1ebb065dd6c') in 0,025010 seconds 
========================================================================
Received Import Request.
  Time since last request: 0,000054 seconds.
  path: Assets/POLYGON city pack/Meshes,textures/props_FBX/Burger 1.png
  artifactKey: Guid(c1f339c09b1efd9428775de3b348bf8a) Importer(815301076,1909f56bfc062723c751e8b465ee728b)
Start importing Assets/POLYGON city pack/Meshes,textures/props_FBX/Burger 1.png using Guid(c1f339c09b1efd9428775de3b348bf8a) Importer(815301076,1909f56bfc062723c751e8b465ee728b)  -> (artifact id: '6fba8dbcb6f1e2221304d0bf7ec2a43c') in 0,045516 seconds 
========================================================================
Received Import Request.
  Time since last request: 0,000195 seconds.
  path: Assets/POLYGON city pack/Meshes,textures/props_FBX/can cola 2.png
  artifactKey: Guid(72e1129b490397047a42f1a126238470) Importer(815301076,1909f56bfc062723c751e8b465ee728b)
Start importing Assets/POLYGON city pack/Meshes,textures/props_FBX/can cola 2.png using Guid(72e1129b490397047a42f1a126238470) Importer(815301076,1909f56bfc062723c751e8b465ee728b)  -> (artifact id: 'f8f6ed8979acbebd69efe3fa7a6372c8') in 0,063622 seconds 
========================================================================
Received Import Request.
  Time since last request: 0,000027 seconds.
  path: Assets/POLYGON city pack/Meshes,textures/props_FBX/drink_machine_texture.png
  artifactKey: Guid(5bf66335a37f8c449b9d5b901659057a) Importer(815301076,1909f56bfc062723c751e8b465ee728b)
Start importing Assets/POLYGON city pack/Meshes,textures/props_FBX/drink_machine_texture.png using Guid(5bf66335a37f8c449b9d5b901659057a) Importer(815301076,1909f56bfc062723c751e8b465ee728b)  -> (artifact id: 'd8397e65a2f90b69a5829066b92ea9e9') in 0,058711 seconds 
========================================================================
Received Import Request.
  Time since last request: 0,000033 seconds.
  path: Assets/POLYGON city pack/Meshes,textures/props_FBX/Flower 1 red mix 1.png
  artifactKey: Guid(a9b624edc80506344b4364c85f135272) Importer(815301076,1909f56bfc062723c751e8b465ee728b)
Start importing Assets/POLYGON city pack/Meshes,textures/props_FBX/Flower 1 red mix 1.png using Guid(a9b624edc80506344b4364c85f135272) Importer(815301076,1909f56bfc062723c751e8b465ee728b)  -> (artifact id: 'a646bf3aea0ac897259eac7149ccd2df') in 0,051317 seconds 
========================================================================
Received Import Request.
  Time since last request: 0,000048 seconds.
  path: Assets/POLYGON city pack/Meshes,textures/props_FBX/Can_Lemon.png
  artifactKey: Guid(2d8730a07e4cb9e4baafef2bacb68962) Importer(815301076,1909f56bfc062723c751e8b465ee728b)
Start importing Assets/POLYGON city pack/Meshes,textures/props_FBX/Can_Lemon.png using Guid(2d8730a07e4cb9e4baafef2bacb68962) Importer(815301076,1909f56bfc062723c751e8b465ee728b)  -> (artifact id: '83cd04f087c16c776197f3d36934929d') in 0,055447 seconds 
========================================================================
Received Import Request.
  Time since last request: 0,000029 seconds.
  path: Assets/POLYGON city pack/Meshes,textures/props_FBX/ATM texture.png
  artifactKey: Guid(0adf9e72f6db90e4e9240239ed1ba57f) Importer(815301076,1909f56bfc062723c751e8b465ee728b)
Start importing Assets/POLYGON city pack/Meshes,textures/props_FBX/ATM texture.png using Guid(0adf9e72f6db90e4e9240239ed1ba57f) Importer(815301076,1909f56bfc062723c751e8b465ee728b)  -> (artifact id: '99b553057760a297a1df53be0c2a7e94') in 0,033164 seconds 
========================================================================
Received Import Request.
  Time since last request: 0,000355 seconds.
  path: Assets/POLYGON city pack/Meshes,textures/props_FBX/bus stop sign texture 1.png
  artifactKey: Guid(8c4a916e93a439b4c8becf84d7a10869) Importer(815301076,1909f56bfc062723c751e8b465ee728b)
Start importing Assets/POLYGON city pack/Meshes,textures/props_FBX/bus stop sign texture 1.png using Guid(8c4a916e93a439b4c8becf84d7a10869) Importer(815301076,1909f56bfc062723c751e8b465ee728b)  -> (artifact id: '524499ecb62cb25dd7e8d783c3590395') in 0,043253 seconds 
========================================================================
Received Import Request.
  Time since last request: 0,000041 seconds.
  path: Assets/POLYGON city pack/Meshes,textures/props_FBX/drain 2.png
  artifactKey: Guid(beea5840393b99743a433b11898f5b18) Importer(815301076,1909f56bfc062723c751e8b465ee728b)
Start importing Assets/POLYGON city pack/Meshes,textures/props_FBX/drain 2.png using Guid(beea5840393b99743a433b11898f5b18) Importer(815301076,1909f56bfc062723c751e8b465ee728b)  -> (artifact id: '8c3090b25203005dfa86e795ebbe67bc') in 0,040149 seconds 
========================================================================
Received Import Request.
  Time since last request: 0,000036 seconds.
  path: Assets/POLYGON city pack/Meshes,textures/props_FBX/bus stop texture.png
  artifactKey: Guid(29e47224d8f69094c8cd493e7ef446a6) Importer(815301076,1909f56bfc062723c751e8b465ee728b)
Start importing Assets/POLYGON city pack/Meshes,textures/props_FBX/bus stop texture.png using Guid(29e47224d8f69094c8cd493e7ef446a6) Importer(815301076,1909f56bfc062723c751e8b465ee728b)  -> (artifact id: 'acfdc0c387294169ee82b0af7f806af1') in 0,022717 seconds 
========================================================================
Received Import Request.
  Time since last request: 0,000054 seconds.
  path: Assets/POLYGON city pack/Meshes,textures/props_FBX/Flower 1 blue mix 1.png
  artifactKey: Guid(b653acd680f9560409ac1a07029a24a7) Importer(815301076,1909f56bfc062723c751e8b465ee728b)
Start importing Assets/POLYGON city pack/Meshes,textures/props_FBX/Flower 1 blue mix 1.png using Guid(b653acd680f9560409ac1a07029a24a7) Importer(815301076,1909f56bfc062723c751e8b465ee728b)  -> (artifact id: '2e446641ff6b03c302b9a8bb093fc3af') in 0,032747 seconds 
========================================================================
Received Import Request.
  Time since last request: 0,000029 seconds.
  path: Assets/POLYGON city pack/Meshes,textures/props_FBX/bench 2 texture.png
  artifactKey: Guid(90fbbba75d1fa4f44a8fcbe6dd8640ae) Importer(815301076,1909f56bfc062723c751e8b465ee728b)
Start importing Assets/POLYGON city pack/Meshes,textures/props_FBX/bench 2 texture.png using Guid(90fbbba75d1fa4f44a8fcbe6dd8640ae) Importer(815301076,1909f56bfc062723c751e8b465ee728b)  -> (artifact id: '9d8cdb92845e956afdd52f49cfa0eec1') in 0,038919 seconds 
========================================================================
Received Import Request.
  Time since last request: 0,000046 seconds.
  path: Assets/POLYGON city pack/Meshes,textures/props_FBX/Can_Cola.png
  artifactKey: Guid(f955b0b2037cf4943b20459c86b316b9) Importer(815301076,1909f56bfc062723c751e8b465ee728b)
Start importing Assets/POLYGON city pack/Meshes,textures/props_FBX/Can_Cola.png using Guid(f955b0b2037cf4943b20459c86b316b9) Importer(815301076,1909f56bfc062723c751e8b465ee728b)  -> (artifact id: 'a99dfac71de8970440c56e4b9c019975') in 0,030663 seconds 
========================================================================
Received Import Request.
  Time since last request: 0,000040 seconds.
  path: Assets/POLYGON city pack/Meshes,textures/props_FBX/flower 2 texture 1.png
  artifactKey: Guid(93b777516688c0248aeac726b420bca9) Importer(815301076,1909f56bfc062723c751e8b465ee728b)
Start importing Assets/POLYGON city pack/Meshes,textures/props_FBX/flower 2 texture 1.png using Guid(93b777516688c0248aeac726b420bca9) Importer(815301076,1909f56bfc062723c751e8b465ee728b)  -> (artifact id: 'b91b39821ed332e64e0efff0ea6bcf2e') in 0,024766 seconds 
========================================================================
Received Import Request.
  Time since last request: 0,000037 seconds.
  path: Assets/POLYGON city pack/Meshes,textures/props_FBX/Can_Orange.png
  artifactKey: Guid(be8a2b335eef6be41b54677c1563a367) Importer(815301076,1909f56bfc062723c751e8b465ee728b)
Start importing Assets/POLYGON city pack/Meshes,textures/props_FBX/Can_Orange.png using Guid(be8a2b335eef6be41b54677c1563a367) Importer(815301076,1909f56bfc062723c751e8b465ee728b)  -> (artifact id: 'e10186852011210e7719483aa8ec16f1') in 0,024278 seconds 
========================================================================
Received Import Request.
  Time since last request: 6,401911 seconds.
  path: Assets/POLYGON city pack/Meshes,textures/props_FBX/flower 3 texture 1.png
  artifactKey: Guid(d79642b217b676342aeda62b8d300328) Importer(815301076,1909f56bfc062723c751e8b465ee728b)
Start importing Assets/POLYGON city pack/Meshes,textures/props_FBX/flower 3 texture 1.png using Guid(d79642b217b676342aeda62b8d300328) Importer(815301076,1909f56bfc062723c751e8b465ee728b)  -> (artifact id: 'ebe1fa90c49ff0f6dae96120ae131d9d') in 0,056649 seconds 
========================================================================
Received Import Request.
  Time since last request: 0,000035 seconds.
  path: Assets/POLYGON city pack/Meshes,textures/props_FBX/grass 2.png
  artifactKey: Guid(6397113e9a553b04e85dc970603eb3b7) Importer(815301076,1909f56bfc062723c751e8b465ee728b)
Start importing Assets/POLYGON city pack/Meshes,textures/props_FBX/grass 2.png using Guid(6397113e9a553b04e85dc970603eb3b7) Importer(815301076,1909f56bfc062723c751e8b465ee728b)  -> (artifact id: 'a648724136fe6d4f76be7b8e078ef884') in 0,029879 seconds 
========================================================================
Received Import Request.
  Time since last request: 0,000052 seconds.
  path: Assets/POLYGON city pack/Meshes,textures/props_FBX/Food_seller_texture.png
  artifactKey: Guid(b1545f59880bf844ab1e4171088d9853) Importer(815301076,1909f56bfc062723c751e8b465ee728b)
Start importing Assets/POLYGON city pack/Meshes,textures/props_FBX/Food_seller_texture.png using Guid(b1545f59880bf844ab1e4171088d9853) Importer(815301076,1909f56bfc062723c751e8b465ee728b)  -> (artifact id: '694f241ca2776bd58ec9e0faff8d9a80') in 0,084911 seconds 
========================================================================
Received Import Request.
  Time since last request: 0,000029 seconds.
  path: Assets/POLYGON city pack/Meshes,textures/props_FBX/hedge 1.png
  artifactKey: Guid(f60f9778f4f0448468efe5dcce4a3c46) Importer(815301076,1909f56bfc062723c751e8b465ee728b)
Start importing Assets/POLYGON city pack/Meshes,textures/props_FBX/hedge 1.png using Guid(f60f9778f4f0448468efe5dcce4a3c46) Importer(815301076,1909f56bfc062723c751e8b465ee728b)  -> (artifact id: 'c60b3887ff5a6b6b8f5bcb08b3ae0cc8') in 0,035856 seconds 
========================================================================
Received Import Request.
  Time since last request: 0,000046 seconds.
  path: Assets/POLYGON city pack/Meshes,textures/props_FBX/Food_seller_stand_textureAD.png
  artifactKey: Guid(eb9e5617453be5b438ef168a18f277e8) Importer(815301076,1909f56bfc062723c751e8b465ee728b)
Start importing Assets/POLYGON city pack/Meshes,textures/props_FBX/Food_seller_stand_textureAD.png using Guid(eb9e5617453be5b438ef168a18f277e8) Importer(815301076,1909f56bfc062723c751e8b465ee728b)  -> (artifact id: '6ee5efa13c819c1c0edd94ade07ca2ae') in 0,032889 seconds 
========================================================================
Received Import Request.
  Time since last request: 0,000203 seconds.
  path: Assets/POLYGON city pack/Meshes,textures/props_FBX/Glass cola.png
  artifactKey: Guid(8f128199af4062c49be793cbcf3d6b01) Importer(815301076,1909f56bfc062723c751e8b465ee728b)
Start importing Assets/POLYGON city pack/Meshes,textures/props_FBX/Glass cola.png using Guid(8f128199af4062c49be793cbcf3d6b01) Importer(815301076,1909f56bfc062723c751e8b465ee728b)  -> (artifact id: 'd6733d4f43367ad71f92e33b78ec5352') in 0,030471 seconds 
========================================================================
Received Import Request.
  Time since last request: 0,717760 seconds.
  path: Assets/POLYGON city pack/Meshes,textures/props_FBX/hot dog texture.png
  artifactKey: Guid(55d169df77322ea4a86a39acf74b3189) Importer(815301076,1909f56bfc062723c751e8b465ee728b)
Start importing Assets/POLYGON city pack/Meshes,textures/props_FBX/hot dog texture.png using Guid(55d169df77322ea4a86a39acf74b3189) Importer(815301076,1909f56bfc062723c751e8b465ee728b)  -> (artifact id: '553fe07f97b6489dcf579e87a8d45c5e') in 0,016257 seconds 
========================================================================
Received Import Request.
  Time since last request: 0,000045 seconds.
  path: Assets/POLYGON city pack/Meshes,textures/props_FBX/Hydrant.png
  artifactKey: Guid(3875a5afc4d220249ad0606268177057) Importer(815301076,1909f56bfc062723c751e8b465ee728b)
Start importing Assets/POLYGON city pack/Meshes,textures/props_FBX/Hydrant.png using Guid(3875a5afc4d220249ad0606268177057) Importer(815301076,1909f56bfc062723c751e8b465ee728b)  -> (artifact id: '171f33f684a81e618e2cecf28cb90e4f') in 0,048209 seconds 
========================================================================
Received Import Request.
  Time since last request: 0,000036 seconds.
  path: Assets/POLYGON city pack/Meshes,textures/props_FBX/leafes tree 1.png
  artifactKey: Guid(d77ac9832e1f7ce4e8ad8e45903243e6) Importer(815301076,1909f56bfc062723c751e8b465ee728b)
Start importing Assets/POLYGON city pack/Meshes,textures/props_FBX/leafes tree 1.png using Guid(d77ac9832e1f7ce4e8ad8e45903243e6) Importer(815301076,1909f56bfc062723c751e8b465ee728b)  -> (artifact id: 'bcd10d6edbdd396fa85ba4da3288cf59') in 0,039815 seconds 
========================================================================
Received Import Request.
  Time since last request: 0,000048 seconds.
  path: Assets/POLYGON city pack/Meshes,textures/props_FBX/parking meter texture .png
  artifactKey: Guid(ddb217a86dc23df4ab1f680ebe7b10f0) Importer(815301076,1909f56bfc062723c751e8b465ee728b)
Start importing Assets/POLYGON city pack/Meshes,textures/props_FBX/parking meter texture .png using Guid(ddb217a86dc23df4ab1f680ebe7b10f0) Importer(815301076,1909f56bfc062723c751e8b465ee728b)  -> (artifact id: 'e105335f26a7936811d9c029c3e26d8f') in 0,046324 seconds 
========================================================================
Received Import Request.
  Time since last request: 0,000034 seconds.
  path: Assets/POLYGON city pack/Meshes,textures/props_FBX/plant 1 texture.png
  artifactKey: Guid(dbb9622425df75d49a2c827edb579d5a) Importer(815301076,1909f56bfc062723c751e8b465ee728b)
Start importing Assets/POLYGON city pack/Meshes,textures/props_FBX/plant 1 texture.png using Guid(dbb9622425df75d49a2c827edb579d5a) Importer(815301076,1909f56bfc062723c751e8b465ee728b)  -> (artifact id: '544982a5917bdde47a33e7f7854c4ab8') in 0,040944 seconds 
========================================================================
Received Import Request.
  Time since last request: 0,000046 seconds.
  path: Assets/POLYGON city pack/Meshes,textures/props_FBX/Mailbox-texture.png
  artifactKey: Guid(a29b9777d0414154886bb0f3c7de7bbd) Importer(815301076,1909f56bfc062723c751e8b465ee728b)
Start importing Assets/POLYGON city pack/Meshes,textures/props_FBX/Mailbox-texture.png using Guid(a29b9777d0414154886bb0f3c7de7bbd) Importer(815301076,1909f56bfc062723c751e8b465ee728b)  -> (artifact id: '8cf6acf05537261f6c1f46552317acb7') in 0,045793 seconds 
========================================================================
Received Import Request.
  Time since last request: 0,000036 seconds.
  path: Assets/POLYGON city pack/Meshes,textures/props_FBX/phone booth texture.png
  artifactKey: Guid(f5055e107bbec9343b74e3438416fa0f) Importer(815301076,1909f56bfc062723c751e8b465ee728b)
Start importing Assets/POLYGON city pack/Meshes,textures/props_FBX/phone booth texture.png using Guid(f5055e107bbec9343b74e3438416fa0f) Importer(815301076,1909f56bfc062723c751e8b465ee728b)  -> (artifact id: '2dce3eb65652483852f7f67b13805fce') in 0,080612 seconds 
========================================================================
Received Import Request.
  Time since last request: 0,000042 seconds.
  path: Assets/POLYGON city pack/Meshes,textures/props_FBX/pot_plant_leaf.png
  artifactKey: Guid(cf21488ffdf03a249b361ac7b5f2d5f5) Importer(815301076,1909f56bfc062723c751e8b465ee728b)
Start importing Assets/POLYGON city pack/Meshes,textures/props_FBX/pot_plant_leaf.png using Guid(cf21488ffdf03a249b361ac7b5f2d5f5) Importer(815301076,1909f56bfc062723c751e8b465ee728b)  -> (artifact id: 'c818a4cfbb65484f2f0f67a3f8ef59e5') in 0,048793 seconds 
========================================================================
Received Import Request.
  Time since last request: 0,000046 seconds.
  path: Assets/POLYGON city pack/Meshes,textures/props_FBX/power pole cable texture.png
  artifactKey: Guid(48808a5df1a5fb541a6018aee1072c40) Importer(815301076,1909f56bfc062723c751e8b465ee728b)
Start importing Assets/POLYGON city pack/Meshes,textures/props_FBX/power pole cable texture.png using Guid(48808a5df1a5fb541a6018aee1072c40) Importer(815301076,1909f56bfc062723c751e8b465ee728b)  -> (artifact id: '7ff96e003296819c9a71a46c43e0cd79') in 0,036878 seconds 
========================================================================
Received Import Request.
  Time since last request: 0,000039 seconds.
  path: Assets/POLYGON city pack/Meshes,textures/props_FBX/Power pole texture.png
  artifactKey: Guid(17f86e4dd36b70049bfc6eed25860e71) Importer(815301076,1909f56bfc062723c751e8b465ee728b)
Start importing Assets/POLYGON city pack/Meshes,textures/props_FBX/Power pole texture.png using Guid(17f86e4dd36b70049bfc6eed25860e71) Importer(815301076,1909f56bfc062723c751e8b465ee728b)  -> (artifact id: '14cc5e2f9aa6d8b94bb17f37527ded36') in 0,048616 seconds 
========================================================================
Received Import Request.
  Time since last request: 0,000034 seconds.
  path: Assets/POLYGON city pack/Meshes,textures/props_FBX/shopping cart texture.png
  artifactKey: Guid(9589c511be538404389bad106901072e) Importer(815301076,1909f56bfc062723c751e8b465ee728b)
Start importing Assets/POLYGON city pack/Meshes,textures/props_FBX/shopping cart texture.png using Guid(9589c511be538404389bad106901072e) Importer(815301076,1909f56bfc062723c751e8b465ee728b)  -> (artifact id: 'f9a43c0d0232053f649e0315e581b7d5') in 0,034166 seconds 
========================================================================
Received Import Request.
  Time since last request: 0,372673 seconds.
  path: Assets/POLYGON city pack/Meshes,textures/props_FBX/televersion antenna.png
  artifactKey: Guid(d1bfdbe0907c94f4db4bd148d8c98f37) Importer(815301076,1909f56bfc062723c751e8b465ee728b)
Start importing Assets/POLYGON city pack/Meshes,textures/props_FBX/televersion antenna.png using Guid(d1bfdbe0907c94f4db4bd148d8c98f37) Importer(815301076,1909f56bfc062723c751e8b465ee728b)  -> (artifact id: '253e22769025740e28506f148803de05') in 0,045578 seconds 
========================================================================
Received Import Request.
  Time since last request: 0,000283 seconds.
  path: Assets/POLYGON city pack/Meshes,textures/props_FBX/traffic light texture.png
  artifactKey: Guid(9f44cf8f90622db4295d8c1ca8ab7dd5) Importer(815301076,1909f56bfc062723c751e8b465ee728b)
Start importing Assets/POLYGON city pack/Meshes,textures/props_FBX/traffic light texture.png using Guid(9f44cf8f90622db4295d8c1ca8ab7dd5) Importer(815301076,1909f56bfc062723c751e8b465ee728b)  -> (artifact id: '65e4d1d2f7394f03a0751430a18b0a50') in 0,058305 seconds 
========================================================================
Received Import Request.
  Time since last request: 0,531546 seconds.
  path: Assets/POLYGON city pack/Meshes,textures/props_FBX/traffic warning stand texture.png
  artifactKey: Guid(1daf544f1efadb744b1ccd54710ebbe5) Importer(815301076,1909f56bfc062723c751e8b465ee728b)
Start importing Assets/POLYGON city pack/Meshes,textures/props_FBX/traffic warning stand texture.png using Guid(1daf544f1efadb744b1ccd54710ebbe5) Importer(815301076,1909f56bfc062723c751e8b465ee728b)  -> (artifact id: '3109358c295b9e0177e6adaa825a2a50') in 0,060237 seconds 
========================================================================
Received Import Request.
  Time since last request: 0,000046 seconds.
  path: Assets/POLYGON city pack/Meshes,textures/props_FBX/traffic_pot_texture.png
  artifactKey: Guid(a9edd05d1642d964fb6352356d058cf9) Importer(815301076,1909f56bfc062723c751e8b465ee728b)
Start importing Assets/POLYGON city pack/Meshes,textures/props_FBX/traffic_pot_texture.png using Guid(a9edd05d1642d964fb6352356d058cf9) Importer(815301076,1909f56bfc062723c751e8b465ee728b)  -> (artifact id: '7de56e78209a4dc957870e10e05512b3') in 0,036439 seconds 
========================================================================
Received Import Request.
  Time since last request: 0,000062 seconds.
  path: Assets/POLYGON city pack/Meshes,textures/props_FBX/trash bin texture.png
  artifactKey: Guid(c10c196caef261541903bc38eb39cb1a) Importer(815301076,1909f56bfc062723c751e8b465ee728b)
Start importing Assets/POLYGON city pack/Meshes,textures/props_FBX/trash bin texture.png using Guid(c10c196caef261541903bc38eb39cb1a) Importer(815301076,1909f56bfc062723c751e8b465ee728b)  -> (artifact id: '8d9895b8aadbb0c8d79395046337c714') in 0,047028 seconds 
========================================================================
Received Import Request.
  Time since last request: 0,000028 seconds.
  path: Assets/POLYGON city pack/Meshes,textures/props_FBX/traffic_OBJ.png
  artifactKey: Guid(0fa8506d184ec3646b272275067f1dde) Importer(815301076,1909f56bfc062723c751e8b465ee728b)
Start importing Assets/POLYGON city pack/Meshes,textures/props_FBX/traffic_OBJ.png using Guid(0fa8506d184ec3646b272275067f1dde) Importer(815301076,1909f56bfc062723c751e8b465ee728b)  -> (artifact id: '1898f205f662cd3f8d2ebede36ad6435') in 0,036678 seconds 
========================================================================
Received Import Request.
  Time since last request: 2,346722 seconds.
  path: Assets/POLYGON city pack/Meshes,textures/props_FBX/Unbenannt.png
  artifactKey: Guid(15cf9090a45f29448831b15bb6d30f35) Importer(815301076,1909f56bfc062723c751e8b465ee728b)
Start importing Assets/POLYGON city pack/Meshes,textures/props_FBX/Unbenannt.png using Guid(15cf9090a45f29448831b15bb6d30f35) Importer(815301076,1909f56bfc062723c751e8b465ee728b)  -> (artifact id: 'de429431caa15a9c66d14a801a9db8b4') in 0,058072 seconds 
========================================================================
Received Import Request.
  Time since last request: 0,000034 seconds.
  path: Assets/POLYGON city pack/Meshes,textures/props_FBX/water tank texture.png
  artifactKey: Guid(d4715bc242d5ec7479e85762e7bb650b) Importer(815301076,1909f56bfc062723c751e8b465ee728b)
Start importing Assets/POLYGON city pack/Meshes,textures/props_FBX/water tank texture.png using Guid(d4715bc242d5ec7479e85762e7bb650b) Importer(815301076,1909f56bfc062723c751e8b465ee728b)  -> (artifact id: '2bfd6c7815e087358a19dafe6c2f7fac') in 0,038246 seconds 
========================================================================
Received Import Request.
  Time since last request: 0,000035 seconds.
  path: Assets/POLYGON city pack/Meshes,textures/props_FBX/wood pot.png
  artifactKey: Guid(f3d1c74f478041149b5f86617a111065) Importer(815301076,1909f56bfc062723c751e8b465ee728b)
Start importing Assets/POLYGON city pack/Meshes,textures/props_FBX/wood pot.png using Guid(f3d1c74f478041149b5f86617a111065) Importer(815301076,1909f56bfc062723c751e8b465ee728b)  -> (artifact id: 'aa7bbdecdc1cf73610473929fe463af1') in 0,029537 seconds 
========================================================================
Received Import Request.
  Time since last request: 1216,601951 seconds.
  path: Assets/Prefabs/Hedge.prefab
  artifactKey: Guid(d90497ebde1fbe7678488c7c2ec89a21) Importer(815301076,1909f56bfc062723c751e8b465ee728b)
Start importing Assets/Prefabs/Hedge.prefab using Guid(d90497ebde1fbe7678488c7c2ec89a21) Importer(815301076,1909f56bfc062723c751e8b465ee728b)  -> (artifact id: 'd3dce42d749985aecb068948b0cbd4eb') in 0,028505 seconds 
